Dataset directory ready at audioldm/qvim/data/Vim_Sketch_Dataset
Dataset directory ready at audioldm/qvim/data
Successfully loaded dataset with 12453 samples
Training with 11208 samples, validating with 1245 samples
Loading QVIM model from audioldm/qvim/models_vimsketch_longer/dulcet-leaf-31/best-loss-checkpoint.ckpt
Loading QVIM model from audioldm/qvim/models_vimsketch_longer/dulcet-leaf-31/best-loss-checkpoint.ckpt
Warning: FMAX is None setting to 15000
Initializing QVIM adapter: QVIM dim=960, AudioLDM dim=512
Loading AudioLDM model: audioldm-m-full
Load AudioLDM: %s audioldm-m-full
DiffusionWrapper has 415.95 M params.
Traceback (most recent call last):
  File "<frozen importlib._bootstrap_external>", line 1372, in _path_importer_cache
KeyError: '/mnt/c/Users/Davy/Documents/Code/QM/CC/AudioLDM/audioldm/clap/open_clip'

During handling of the above exception, another exception occurred:

Traceback (most recent call last):
  File "/mnt/c/Users/Davy/Documents/Code/QM/CC/AudioLDM/train_vocaldm.py", line 1757, in <module>
    success = train_vocaldm(args)
  File "/mnt/c/Users/Davy/Documents/Code/QM/CC/AudioLDM/train_vocaldm.py", line 1324, in train_vocaldm
    model = VocaLDMModule(args)
  File "/mnt/c/Users/Davy/Documents/Code/QM/CC/AudioLDM/train_vocaldm.py", line 180, in __init__
    self.initialize_models()
  File "/mnt/c/Users/Davy/Documents/Code/QM/CC/AudioLDM/train_vocaldm.py", line 202, in initialize_models
    self.audioldm = load_audioldm_model(model_source, device=self.device)
  File "/mnt/c/Users/Davy/Documents/Code/QM/CC/AudioLDM/vocaldm_utils.py", line 50, in load_audioldm_model
    audioldm = build_model(model_name=model_name_or_path)
  File "/mnt/c/Users/Davy/Documents/Code/QM/CC/AudioLDM/audioldm/pipeline.py", line 158, in build_model
    latent_diffusion = LatentDiffusion(**config["model"]["params"])
  File "/mnt/c/Users/Davy/Documents/Code/QM/CC/AudioLDM/audioldm/ldm.py", line 63, in __init__
    self.instantiate_cond_stage(cond_stage_config)
  File "/mnt/c/Users/Davy/Documents/Code/QM/CC/AudioLDM/audioldm/ldm.py", line 122, in instantiate_cond_stage
    model = instantiate_from_config(config)
  File "/mnt/c/Users/Davy/Documents/Code/QM/CC/AudioLDM/audioldm/utils.py", line 97, in instantiate_from_config
    return get_obj_from_str(config["target"])(**config.get("params", dict()))
  File "/mnt/c/Users/Davy/Documents/Code/QM/CC/AudioLDM/audioldm/utils.py", line 87, in get_obj_from_str
    return getattr(importlib.import_module(module, package=None), cls)
  File "/root/miniconda3/envs/qvim-baseline/lib/python3.10/importlib/__init__.py", line 126, in import_module
    return _bootstrap._gcd_import(name[level:], package, level)
  File "<frozen importlib._bootstrap>", line 1050, in _gcd_import
  File "<frozen importlib._bootstrap>", line 1027, in _find_and_load
  File "<frozen importlib._bootstrap>", line 1006, in _find_and_load_unlocked
  File "<frozen importlib._bootstrap>", line 688, in _load_unlocked
  File "<frozen importlib._bootstrap_external>", line 883, in exec_module
  File "<frozen importlib._bootstrap>", line 241, in _call_with_frames_removed
  File "/mnt/c/Users/Davy/Documents/Code/QM/CC/AudioLDM/audioldm/clap/encoders.py", line 3, in <module>
    from audioldm.clap.open_clip import create_model
  File "/mnt/c/Users/Davy/Documents/Code/QM/CC/AudioLDM/audioldm/clap/open_clip/__init__.py", line 1, in <module>
    from .factory import (
  File "<frozen importlib._bootstrap>", line 1027, in _find_and_load
  File "<frozen importlib._bootstrap>", line 1002, in _find_and_load_unlocked
  File "<frozen importlib._bootstrap>", line 945, in _find_spec
  File "<frozen importlib._bootstrap_external>", line 1439, in find_spec
  File "<frozen importlib._bootstrap_external>", line 1408, in _get_spec
  File "<frozen importlib._bootstrap_external>", line 1374, in _path_importer_cache
  File "<frozen importlib._bootstrap_external>", line 1350, in _path_hooks
  File "<frozen importlib._bootstrap_external>", line 1630, in path_hook_for_FileFinder
  File "<frozen importlib._bootstrap_external>", line 168, in _path_isdir
  File "<frozen importlib._bootstrap_external>", line 153, in _path_is_mode_type
  File "<frozen importlib._bootstrap_external>", line 147, in _path_stat
KeyboardInterrupt
Traceback (most recent call last):
  File "<frozen importlib._bootstrap_external>", line 1372, in _path_importer_cache
KeyError: '/mnt/c/Users/Davy/Documents/Code/QM/CC/AudioLDM/audioldm/clap/open_clip'

During handling of the above exception, another exception occurred:

Traceback (most recent call last):
  File "/mnt/c/Users/Davy/Documents/Code/QM/CC/AudioLDM/train_vocaldm.py", line 1757, in <module>
    success = train_vocaldm(args)
  File "/mnt/c/Users/Davy/Documents/Code/QM/CC/AudioLDM/train_vocaldm.py", line 1324, in train_vocaldm
    model = VocaLDMModule(args)
  File "/mnt/c/Users/Davy/Documents/Code/QM/CC/AudioLDM/train_vocaldm.py", line 180, in __init__
    self.initialize_models()
  File "/mnt/c/Users/Davy/Documents/Code/QM/CC/AudioLDM/train_vocaldm.py", line 202, in initialize_models
    self.audioldm = load_audioldm_model(model_source, device=self.device)
  File "/mnt/c/Users/Davy/Documents/Code/QM/CC/AudioLDM/vocaldm_utils.py", line 50, in load_audioldm_model
    audioldm = build_model(model_name=model_name_or_path)
  File "/mnt/c/Users/Davy/Documents/Code/QM/CC/AudioLDM/audioldm/pipeline.py", line 158, in build_model
    latent_diffusion = LatentDiffusion(**config["model"]["params"])
  File "/mnt/c/Users/Davy/Documents/Code/QM/CC/AudioLDM/audioldm/ldm.py", line 63, in __init__
    self.instantiate_cond_stage(cond_stage_config)
  File "/mnt/c/Users/Davy/Documents/Code/QM/CC/AudioLDM/audioldm/ldm.py", line 122, in instantiate_cond_stage
    model = instantiate_from_config(config)
  File "/mnt/c/Users/Davy/Documents/Code/QM/CC/AudioLDM/audioldm/utils.py", line 97, in instantiate_from_config
    return get_obj_from_str(config["target"])(**config.get("params", dict()))
  File "/mnt/c/Users/Davy/Documents/Code/QM/CC/AudioLDM/audioldm/utils.py", line 87, in get_obj_from_str
    return getattr(importlib.import_module(module, package=None), cls)
  File "/root/miniconda3/envs/qvim-baseline/lib/python3.10/importlib/__init__.py", line 126, in import_module
    return _bootstrap._gcd_import(name[level:], package, level)
  File "<frozen importlib._bootstrap>", line 1050, in _gcd_import
  File "<frozen importlib._bootstrap>", line 1027, in _find_and_load
  File "<frozen importlib._bootstrap>", line 1006, in _find_and_load_unlocked
  File "<frozen importlib._bootstrap>", line 688, in _load_unlocked
  File "<frozen importlib._bootstrap_external>", line 883, in exec_module
  File "<frozen importlib._bootstrap>", line 241, in _call_with_frames_removed
  File "/mnt/c/Users/Davy/Documents/Code/QM/CC/AudioLDM/audioldm/clap/encoders.py", line 3, in <module>
    from audioldm.clap.open_clip import create_model
  File "/mnt/c/Users/Davy/Documents/Code/QM/CC/AudioLDM/audioldm/clap/open_clip/__init__.py", line 1, in <module>
    from .factory import (
  File "<frozen importlib._bootstrap>", line 1027, in _find_and_load
  File "<frozen importlib._bootstrap>", line 1002, in _find_and_load_unlocked
  File "<frozen importlib._bootstrap>", line 945, in _find_spec
  File "<frozen importlib._bootstrap_external>", line 1439, in find_spec
  File "<frozen importlib._bootstrap_external>", line 1408, in _get_spec
  File "<frozen importlib._bootstrap_external>", line 1374, in _path_importer_cache
  File "<frozen importlib._bootstrap_external>", line 1350, in _path_hooks
  File "<frozen importlib._bootstrap_external>", line 1630, in path_hook_for_FileFinder
  File "<frozen importlib._bootstrap_external>", line 168, in _path_isdir
  File "<frozen importlib._bootstrap_external>", line 153, in _path_is_mode_type
  File "<frozen importlib._bootstrap_external>", line 147, in _path_stat
KeyboardInterrupt
